<?xml version="1.0" encoding="UTF-8"?>
<!-- Generated by org.testng.reporters.JUnitXMLReporter -->
<testsuite hostname="Ranjit" ignored="0" name="Regression suite 1" tests="3" failures="0" timestamp="08 Mar 2018 01:53:15 GMT" time="46.669" errors="0">
  <testcase name="testLogin" time="5.48" classname="com.jenkins.testscripts.TC001_Login"/>
  <testcase name="invalidLogin" time="7.221" classname="com.jenkins.testscripts.TC002_InvalidLogin"/>
  <testcase name="retrieveEmailId" time="7.748" classname="com.jenkins.testscripts.TC003_RetrieveEmailId"/>
</testsuite> <!-- Regression suite 1 -->
