<?xml version="1.0" encoding="UTF-8"?>
<!-- Generated by org.testng.reporters.JUnitXMLReporter -->
<testsuite hostname="Ranjit" ignored="0" name="Regression suite 1" tests="3" failures="0" timestamp="08 Mar 2018 17:22:52 GMT" time="44.654" errors="0">
  <testcase name="testLogin" time="5.571" classname="com.jenkins.testscripts.TC001_Login"/>
  <testcase name="invalidLogin" time="7.597" classname="com.jenkins.testscripts.TC002_InvalidLogin"/>
  <testcase name="retrieveEmailId" time="7.772" classname="com.jenkins.testscripts.TC003_RetrieveEmailId"/>
</testsuite> <!-- Regression suite 1 -->
